<?xml version="1.0" encoding="UTF-8"?>
<testsuite xmlns:xsi="http://www.w3.org/2001/XMLSchema-instance" xsi:noNamespaceSchemaLocation="https://maven.apache.org/surefire/maven-surefire-plugin/xsd/surefire-test-report.xsd" name="tn.esprit.spring.EntrepriseServiceImplTest" time="0.063" tests="3" errors="0" skipped="0" failures="0">
  <properties>
[...]
</properties>
  <testcase name="testdeleteEntrepriseById" classname="tn.esprit.spring.EntrepriseServiceImplTest" time="0.025"/>
  <testcase name="testgetEntrepriseById" classname="tn.esprit.spring.EntrepriseServiceImplTest" time="0.016"/>
  <testcase name="testAjouterEntreprise" classname="tn.esprit.spring.EntrepriseServiceImplTest" time="0.005"/>
</testsuite>